<?xml version="1.0" encoding="UTF-8"?>
<!-- Generated by org.testng.reporters.JUnitXMLReporter -->
<testsuite hostname="DESKTOP-488FP15" ignored="0" name="Default test(failed)" tests="1" failures="1" timestamp="25 May 2019 06:22:28 GMT" time="13.944" errors="0">
  <testcase name="Verifyversion" time="0.774" classname="Com_Actitime_Test.VerifyversionTest">
    <failure type="java.lang.AssertionError" message="expected [actiTIME 2019.1 Pro] but found [actiTIME 2019.2 Pro]">
      <![CDATA[java.lang.AssertionError: expected [actiTIME 2019.1 Pro] but found [actiTIME 2019.2 Pro]
at Com_Actitime_Test.VerifyversionTest.Verifyversion(VerifyversionTest.java:22)
... Removed 31 stack frames]]>
    </failure>
  </testcase> <!-- Verifyversion -->
</testsuite> <!-- Default test(failed) -->
